<?xml version="1.0" encoding="UTF-8"?>
<!-- Generated by org.testng.reporters.JUnitReportReporter -->
<testsuite skipped="0" hostname="DESKTOP-RNPCVAJ" name="scripts.Login" tests="1" failures="0" timestamp="25 Jul 2018 04:51:51 GMT" time="6.205" errors="0">
  <testcase name="log" time="6.205" classname="scripts.Login"/>
</testsuite> <!-- scripts.Login -->
